<?xml version="1.0" encoding="UTF-8"?>
<!-- Generated by org.testng.reporters.JUnitReportReporter -->
<testsuite hostname="LTIN204528" failures="0" tests="1" name="testCases.Home" time="0.250" errors="0" timestamp="2024-01-10T14:26:51 IST" skipped="0">
  <testcase classname="testCases.Home" name="hh" time="0.250"/>
</testsuite> <!-- testCases.Home -->
