<?xml version="1.0" encoding="UTF-8"?>
<!-- Generated by org.testng.reporters.JUnitReportReporter -->
<testsuite hostname="LTIN204528" failures="0" tests="2" name="testCases.TC002_OneCognizant" time="15.071" errors="0" timestamp="2024-01-10T20:54:23 IST" skipped="0">
  <testcase classname="testCases.TC002_OneCognizant" name="beCognizantValidation" time="11.793"/>
  <testcase classname="testCases.TC002_OneCognizant" name="oneCognizantValidation" time="3.278"/>
</testsuite> <!-- testCases.TC002_OneCognizant -->
