<?xml version="1.0" encoding="UTF-8"?>
<!-- Generated by org.testng.reporters.JUnitReportReporter -->
<testsuite hostname="LTIN204528" failures="0" tests="2" name="testCases.TC001_BeCognizant" time="14.195" errors="0" timestamp="2024-01-10T20:33:08 IST" skipped="0">
  <testcase classname="testCases.TC001_BeCognizant" name="beCognizantValidation" time="10.863"/>
  <testcase classname="testCases.TC001_BeCognizant" name="oneCognizantValidation" time="3.332"/>
</testsuite> <!-- testCases.TC001_BeCognizant -->
