<?xml version="1.0" encoding="UTF-8"?>
<!-- Generated by org.testng.reporters.JUnitReportReporter -->
<testsuite hostname="LTIN204528" failures="0" tests="6" name="testCases.TC002_OneCognizant" time="54.025" errors="0" timestamp="2024-01-15T16:45:58 IST" skipped="0">
  <testcase classname="testCases.TC002_OneCognizant" name="beCognizantTextValidation" time="0.125"/>
  <testcase classname="testCases.TC002_OneCognizant" name="profileValidation" time="3.750"/>
  <testcase classname="testCases.TC002_OneCognizant" name="oneCognizantTextValidation" time="0.046"/>
  <testcase classname="testCases.TC002_OneCognizant" name="navigateOneCognizant" time="11.014"/>
  <testcase classname="testCases.TC002_OneCognizant" name="searchGsd" time="3.524"/>
  <testcase classname="testCases.TC002_OneCognizant" name="clickOnGSD" time="35.566"/>
</testsuite> <!-- testCases.TC002_OneCognizant -->
